<?xml version="1.0" encoding="UTF-8"?>
<!-- Generated by org.testng.reporters.JUnitReportReporter -->
<testsuite hostname="DESKTOP-8S56D39" failures="0" tests="1" name="com.Equarz.Testcases.AddressTest" time="7.648" errors="0" timestamp="2023-10-18T16:22:24 IST" skipped="0">
  <testcase classname="com.Equarz.Testcases.AddressTest" name="del" time="7.648"/>
</testsuite> <!-- com.Equarz.Testcases.AddressTest -->
