<?xml version="1.0" encoding="UTF-8"?>
<!-- Generated by org.testng.reporters.JUnitReportReporter -->
<testsuite hostname="DESKTOP-8S56D39" failures="0" tests="1" name="com.Equarz.Testcases.LogOutTest" time="44.110" errors="0" timestamp="2023-11-20T08:04:24 IST" skipped="0">
  <testcase classname="com.Equarz.Testcases.LogOutTest" name="logout" time="44.110"/>
</testsuite> <!-- com.Equarz.Testcases.LogOutTest -->
