<?xml version="1.0" encoding="UTF-8"?>
<!-- Generated by org.testng.reporters.JUnitReportReporter -->
<testsuite hostname="DESKTOP-8S56D39" failures="0" tests="1" name="com.Equarz.Testcases.LoginTest" time="37.536" errors="0" timestamp="2023-09-21T16:06:24 IST" skipped="0">
  <testcase classname="com.Equarz.Testcases.LoginTest" name="validatelogin" time="37.536"/>
</testsuite> <!-- com.Equarz.Testcases.LoginTest -->
